<?xml version="1.0" encoding="UTF-8"?>
<testsuite name="com.glyphsynapse.app.FrameSchedulerTest" tests="3" skipped="0" failures="0" errors="0" timestamp="2026-04-29T11:11:16.985Z" hostname="Reyianon" time="0.013">
  <properties/>
  <testcase name="accumulated time is zero after reset()" classname="com.glyphsynapse.app.FrameSchedulerTest" time="0.005"/>
  <testcase name="higher speed multiplier produces more elapsed time()" classname="com.glyphsynapse.app.FrameSchedulerTest" time="0.004"/>
  <testcase name="accumulated time grows with speed multiplier()" classname="com.glyphsynapse.app.FrameSchedulerTest" time="0.003"/>
  <system-out><![CDATA[]]></system-out>
  <system-err><![CDATA[]]></system-err>
</testsuite>
