<?xml version="1.0" encoding="UTF-8"?>
<testsuite name="com.glyphsynapse.app.AnimationPlayerTest" tests="4" skipped="0" failures="0" errors="0" timestamp="2026-04-29T11:11:15.840Z" hostname="Reyianon" time="1.141">
  <properties/>
  <testcase name="release stops and cleans up()" classname="com.glyphsynapse.app.AnimationPlayerTest" time="1.057"/>
  <testcase name="isPlaying becomes true when play is called()" classname="com.glyphsynapse.app.AnimationPlayerTest" time="0.05"/>
  <testcase name="isPlaying becomes false after stop()" classname="com.glyphsynapse.app.AnimationPlayerTest" time="0.004"/>
  <testcase name="stop calls clear on glyph manager()" classname="com.glyphsynapse.app.AnimationPlayerTest" time="0.026"/>
  <system-out><![CDATA[]]></system-out>
  <system-err><![CDATA[WARNING: A Java agent has been loaded dynamically (/home/gheorghitas/.gradle/caches/modules-2/files-2.1/net.bytebuddy/byte-buddy-agent/1.14.17/e3c251a39dc90badaf71c83427ba46840f219d8d/byte-buddy-agent-1.14.17.jar)
WARNING: If a serviceability tool is in use, please run with -XX:+EnableDynamicAgentLoading to hide this warning
WARNING: If a serviceability tool is not in use, please run with -Djdk.instrument.traceUsage for more information
WARNING: Dynamic loading of agents will be disallowed by default in a future release
]]></system-err>
</testsuite>
