<?xml version="1.0" encoding="UTF-8"?>
<testsuite name="com.glyphsynapse.app.AnimationDefinitionTest" tests="35" skipped="0" failures="0" errors="0" timestamp="2026-04-29T11:11:15.715Z" hostname="Reyianon" time="0.12">
  <properties/>
  <testcase name="[1] com.glyphsynapse.app.domain.animation.BreatheAnimation@7966baa7" classname="com.glyphsynapse.app.AnimationDefinitionTest" time="0.019"/>
  <testcase name="[2] com.glyphsynapse.app.domain.animation.CascadeAnimation@686449f9" classname="com.glyphsynapse.app.AnimationDefinitionTest" time="0.001"/>
  <testcase name="[3] com.glyphsynapse.app.domain.animation.OrbitAnimation@665df3c6" classname="com.glyphsynapse.app.AnimationDefinitionTest" time="0.001"/>
  <testcase name="[4] com.glyphsynapse.app.domain.animation.PulseWaveAnimation@36f48b4" classname="com.glyphsynapse.app.AnimationDefinitionTest" time="0.001"/>
  <testcase name="[5] com.glyphsynapse.app.domain.animation.HeartbeatAnimation@5c00384f" classname="com.glyphsynapse.app.AnimationDefinitionTest" time="0.001"/>
  <testcase name="[6] com.glyphsynapse.app.domain.animation.MatrixRainAnimation@1af146" classname="com.glyphsynapse.app.AnimationDefinitionTest" time="0.003"/>
  <testcase name="[7] com.glyphsynapse.app.domain.animation.IdleDriftAnimation@57eda880" classname="com.glyphsynapse.app.AnimationDefinitionTest" time="0.001"/>
  <testcase name="[1] com.glyphsynapse.app.domain.animation.BreatheAnimation@7966baa7" classname="com.glyphsynapse.app.AnimationDefinitionTest" time="0.006"/>
  <testcase name="[2] com.glyphsynapse.app.domain.animation.CascadeAnimation@686449f9" classname="com.glyphsynapse.app.AnimationDefinitionTest" time="0.001"/>
  <testcase name="[3] com.glyphsynapse.app.domain.animation.OrbitAnimation@665df3c6" classname="com.glyphsynapse.app.AnimationDefinitionTest" time="0.001"/>
  <testcase name="[4] com.glyphsynapse.app.domain.animation.PulseWaveAnimation@36f48b4" classname="com.glyphsynapse.app.AnimationDefinitionTest" time="0.001"/>
  <testcase name="[5] com.glyphsynapse.app.domain.animation.HeartbeatAnimation@5c00384f" classname="com.glyphsynapse.app.AnimationDefinitionTest" time="0.0"/>
  <testcase name="[6] com.glyphsynapse.app.domain.animation.MatrixRainAnimation@1af146" classname="com.glyphsynapse.app.AnimationDefinitionTest" time="0.001"/>
  <testcase name="[7] com.glyphsynapse.app.domain.animation.IdleDriftAnimation@57eda880" classname="com.glyphsynapse.app.AnimationDefinitionTest" time="0.0"/>
  <testcase name="[1] com.glyphsynapse.app.domain.animation.BreatheAnimation@7966baa7" classname="com.glyphsynapse.app.AnimationDefinitionTest" time="0.001"/>
  <testcase name="[2] com.glyphsynapse.app.domain.animation.CascadeAnimation@686449f9" classname="com.glyphsynapse.app.AnimationDefinitionTest" time="0.001"/>
  <testcase name="[3] com.glyphsynapse.app.domain.animation.OrbitAnimation@665df3c6" classname="com.glyphsynapse.app.AnimationDefinitionTest" time="0.0"/>
  <testcase name="[4] com.glyphsynapse.app.domain.animation.PulseWaveAnimation@36f48b4" classname="com.glyphsynapse.app.AnimationDefinitionTest" time="0.0"/>
  <testcase name="[5] com.glyphsynapse.app.domain.animation.HeartbeatAnimation@5c00384f" classname="com.glyphsynapse.app.AnimationDefinitionTest" time="0.001"/>
  <testcase name="[6] com.glyphsynapse.app.domain.animation.MatrixRainAnimation@1af146" classname="com.glyphsynapse.app.AnimationDefinitionTest" time="0.0"/>
  <testcase name="[7] com.glyphsynapse.app.domain.animation.IdleDriftAnimation@57eda880" classname="com.glyphsynapse.app.AnimationDefinitionTest" time="0.001"/>
  <testcase name="[1] com.glyphsynapse.app.domain.animation.BreatheAnimation@7966baa7" classname="com.glyphsynapse.app.AnimationDefinitionTest" time="0.0"/>
  <testcase name="[2] com.glyphsynapse.app.domain.animation.CascadeAnimation@686449f9" classname="com.glyphsynapse.app.AnimationDefinitionTest" time="0.003"/>
  <testcase name="[3] com.glyphsynapse.app.domain.animation.OrbitAnimation@665df3c6" classname="com.glyphsynapse.app.AnimationDefinitionTest" time="0.004"/>
  <testcase name="[4] com.glyphsynapse.app.domain.animation.PulseWaveAnimation@36f48b4" classname="com.glyphsynapse.app.AnimationDefinitionTest" time="0.004"/>
  <testcase name="[5] com.glyphsynapse.app.domain.animation.HeartbeatAnimation@5c00384f" classname="com.glyphsynapse.app.AnimationDefinitionTest" time="0.001"/>
  <testcase name="[6] com.glyphsynapse.app.domain.animation.MatrixRainAnimation@1af146" classname="com.glyphsynapse.app.AnimationDefinitionTest" time="0.004"/>
  <testcase name="[7] com.glyphsynapse.app.domain.animation.IdleDriftAnimation@57eda880" classname="com.glyphsynapse.app.AnimationDefinitionTest" time="0.01"/>
  <testcase name="[1] com.glyphsynapse.app.domain.animation.BreatheAnimation@7966baa7" classname="com.glyphsynapse.app.AnimationDefinitionTest" time="0.009"/>
  <testcase name="[2] com.glyphsynapse.app.domain.animation.CascadeAnimation@686449f9" classname="com.glyphsynapse.app.AnimationDefinitionTest" time="0.003"/>
  <testcase name="[3] com.glyphsynapse.app.domain.animation.OrbitAnimation@665df3c6" classname="com.glyphsynapse.app.AnimationDefinitionTest" time="0.003"/>
  <testcase name="[4] com.glyphsynapse.app.domain.animation.PulseWaveAnimation@36f48b4" classname="com.glyphsynapse.app.AnimationDefinitionTest" time="0.002"/>
  <testcase name="[5] com.glyphsynapse.app.domain.animation.HeartbeatAnimation@5c00384f" classname="com.glyphsynapse.app.AnimationDefinitionTest" time="0.003"/>
  <testcase name="[6] com.glyphsynapse.app.domain.animation.MatrixRainAnimation@1af146" classname="com.glyphsynapse.app.AnimationDefinitionTest" time="0.002"/>
  <testcase name="[7] com.glyphsynapse.app.domain.animation.IdleDriftAnimation@57eda880" classname="com.glyphsynapse.app.AnimationDefinitionTest" time="0.004"/>
  <system-out><![CDATA[]]></system-out>
  <system-err><![CDATA[]]></system-err>
</testsuite>
